\BOOKMARK [0][-]{chapter*.4}{\376\377\000\315\000n\000d\000i\000c\000e\000\040\000d\000e\000\040\000f\000i\000g\000u\000r\000a\000s}{}% 1
\BOOKMARK [0][-]{chapter*.5}{\376\377\000\315\000n\000d\000i\000c\000e\000\040\000d\000e\000\040\000c\000\363\000d\000i\000g\000o\000s}{}% 2
\BOOKMARK [0][-]{chapter.1}{\376\377\000I\000n\000t\000r\000o\000d\000u\000c\000c\000i\000\363\000n}{}% 3
\BOOKMARK [1][-]{section.1.1}{\376\377\000C\000o\000n\000t\000e\000x\000t\000o}{chapter.1}% 4
\BOOKMARK [2][-]{subsection.1.1.1}{\376\377\000E\000n\000t\000r\000e\000n\000a\000m\000i\000e\000n\000t\000o\000\040\000A\000u\000d\000i\000t\000i\000v\000o}{section.1.1}% 5
\BOOKMARK [2][-]{subsection.1.1.2}{\376\377\000D\000e\000s\000c\000r\000i\000p\000c\000i\000\363\000n\000\040\000d\000e\000l\000\040\000P\000r\000o\000y\000e\000c\000t\000o}{section.1.1}% 6
\BOOKMARK [2][-]{subsection.1.1.3}{\376\377\000E\000s\000t\000a\000d\000o\000\040\000d\000e\000l\000\040\000A\000r\000t\000e}{section.1.1}% 7
\BOOKMARK [1][-]{section.1.2}{\376\377\000O\000b\000j\000e\000t\000i\000v\000o\000s}{chapter.1}% 8
\BOOKMARK [1][-]{section.1.3}{\376\377\000E\000s\000t\000r\000u\000c\000t\000u\000r\000a\000\040\000d\000e\000l\000\040\000d\000o\000c\000u\000m\000e\000n\000t\000o}{chapter.1}% 9
\BOOKMARK [0][-]{chapter.2}{\376\377\000C\000o\000n\000t\000e\000n\000i\000d\000o\000s\000\040\000p\000r\000i\000n\000c\000i\000p\000a\000l\000e\000s}{}% 10
\BOOKMARK [1][-]{section.2.1}{\376\377\000C\000\363\000m\000o\000\040\000N\000a\000c\000e\000\040\000l\000a\000\040\000I\000d\000e\000a}{chapter.2}% 11
\BOOKMARK [2][-]{subsection.2.1.1}{\376\377\000D\000e\000s\000i\000g\000n\000\040\000T\000h\000i\000n\000k\000i\000n\000g}{section.2.1}% 12
\BOOKMARK [2][-]{subsection.2.1.2}{\376\377\000M\000i\000n\000d\000M\000a\000p}{section.2.1}% 13
\BOOKMARK [2][-]{subsection.2.1.3}{\376\377\000M\000o\000s\000C\000o\000w}{section.2.1}% 14
\BOOKMARK [2][-]{subsection.2.1.4}{\376\377\000L\000e\000a\000n\000\040\000S\000t\000a\000r\000t\000u\000p}{section.2.1}% 15
\BOOKMARK [2][-]{subsection.2.1.5}{\376\377\000M\000V\000P}{section.2.1}% 16
\BOOKMARK [2][-]{subsection.2.1.6}{\376\377\000W\000i\000r\000e\000f\000r\000a\000m\000e\000s}{section.2.1}% 17
\BOOKMARK [1][-]{section.2.2}{\376\377\000M\000e\000t\000o\000d\000o\000l\000o\000g\000\355\000a\000\040\000d\000e\000\040\000T\000r\000a\000b\000a\000j\000o}{chapter.2}% 18
\BOOKMARK [2][-]{subsection.2.2.1}{\376\377\000S\000C\000R\000U\000M}{section.2.2}% 19
\BOOKMARK [2][-]{subsection.2.2.2}{\376\377\000K\000a\000n\000b\000a\000n\000\040\000y\000\040\000R\000o\000a\000d\000m\000a\000p\000\040\000d\000e\000\040\000P\000r\000o\000d\000u\000c\000t\000o}{section.2.2}% 20
\BOOKMARK [2][-]{subsection.2.2.3}{\376\377\000C\000l\000e\000a\000n\000\040\000C\000o\000d\000e}{section.2.2}% 21
\BOOKMARK [2][-]{subsection.2.2.4}{\376\377\000C\000o\000d\000e\000\040\000G\000u\000i\000d\000e\000l\000i\000n\000e\000s}{section.2.2}% 22
\BOOKMARK [2][-]{subsection.2.2.5}{\376\377\000G\000i\000t\000F\000l\000o\000w}{section.2.2}% 23
\BOOKMARK [2][-]{subsection.2.2.6}{\376\377\000D\000e\000v\000O\000p\000s}{section.2.2}% 24
\BOOKMARK [1][-]{section.2.3}{\376\377\000D\000e\000s\000a\000r\000r\000o\000l\000l\000o\000\040\000e\000\040\000I\000m\000p\000l\000e\000m\000e\000n\000t\000a\000c\000i\000\363\000n}{chapter.2}% 25
\BOOKMARK [2][-]{subsection.2.3.1}{\376\377\000T\000e\000c\000n\000o\000l\000o\000g\000\355\000a\000s\000\040\000E\000m\000p\000l\000e\000a\000d\000a\000s}{section.2.3}% 26
\BOOKMARK [2][-]{subsection.2.3.2}{\376\377\000I\000m\000p\000l\000e\000m\000e\000n\000t\000a\000c\000i\000\363\000n}{section.2.3}% 27
\BOOKMARK [2][-]{subsection.2.3.3}{\376\377\000T\000e\000s\000t\000i\000n\000g}{section.2.3}% 28
\BOOKMARK [1][-]{section.2.4}{\376\377\000D\000e\000s\000p\000l\000i\000e\000g\000u\000e\000\040\000C\000o\000n\000t\000i\000n\000u\000o}{chapter.2}% 29
\BOOKMARK [2][-]{subsection.2.4.1}{\376\377\000G\000i\000t\000H\000u\000b\000\040\000A\000c\000t\000i\000o\000n\000s}{section.2.4}% 30
\BOOKMARK [2][-]{subsection.2.4.2}{\376\377\000V\000e\000r\000c\000e\000l}{section.2.4}% 31
\BOOKMARK [0][-]{chapter.3}{\376\377\000C\000o\000n\000c\000l\000u\000s\000i\000o\000n\000e\000s}{}% 32
\BOOKMARK [0][-]{section*.20}{\376\377\000B\000i\000b\000l\000i\000o\000g\000r\000a\000f\000\355\000a}{}% 33
\BOOKMARK [0][-]{section*.22}{\376\377\000A\000p\000\351\000n\000d\000i\000c\000e\000s}{}% 34
\BOOKMARK [0][-]{appendix.Alph1}{\376\377\000C\000o\000n\000c\000e\000p\000t\000o\000s\000\040\000M\000u\000s\000i\000c\000a\000l\000e\000s}{}% 35
\BOOKMARK [1][-]{section.Alph1.1}{\376\377\000N\000o\000t\000a\000s}{appendix.Alph1}% 36
\BOOKMARK [1][-]{section.Alph1.2}{\376\377\000I\000n\000t\000e\000r\000v\000a\000l\000o\000s}{appendix.Alph1}% 37
\BOOKMARK [1][-]{section.Alph1.3}{\376\377\000E\000s\000c\000a\000l\000a\000s}{appendix.Alph1}% 38
