This is pdfTeX, Version 3.141592653-2.6-1.40.23 (MiKTeX 21.8) (preloaded format=pdflatex 2021.10.7)  11 MAY 2022 18:03
entering extended mode
**"c:/ALBERTO/3) UNIVERSITY/TFG/MEMORIA/tfg.tex"
(c:/ALBERTO/3) UNIVERSITY/TFG/MEMORIA/tfg.tex
LaTeX2e <2021-06-01> patch level 1
L3 programming layer <2021-08-27> (C:\Users\alber\AppData\Local\Programs\MiKTeX\tex/latex/base\report.cls
Document Class: report 2021/02/12 v1.4n Standard LaTeX document class
(C:\Users\alber\AppData\Local\Programs\MiKTeX\tex/latex/base\size12.clo
File: size12.clo 2021/02/12 v1.4n Standard LaTeX file (size option)
)
\c@part=\count182
\c@chapter=\count183
\c@section=\count184
\c@subsection=\count185
\c@subsubsection=\count186
\c@paragraph=\count187
\c@subparagraph=\count188
\c@figure=\count189
\c@table=\count190
\abovecaptionskip=\skip47
\belowcaptionskip=\skip48
\bibindent=\dimen138
) (C:\Users\alber\AppData\Local\Programs\MiKTeX\tex/latex/geometry\geometry.sty
Package: geometry 2020/01/02 v5.9 Page Geometry
 (C:\Users\alber\AppData\Local\Programs\MiKTeX\tex/latex/graphics\keyval.sty
Package: keyval 2014/10/28 v1.15 key=value parser (DPC)
\KV@toks@=\toks16
) (C:\Users\alber\AppData\Local\Programs\MiKTeX\tex/generic/iftex\ifvtex.sty
Package: ifvtex 2019/10/25 v1.7 ifvtex legacy package. Use iftex instead.
 (C:\Users\alber\AppData\Local\Programs\MiKTeX\tex/generic/iftex\iftex.sty
Package: iftex 2020/03/06 v1.0d TeX engine tests
))
\Gm@cnth=\count191
\Gm@cntv=\count192
\c@Gm@tempcnt=\count193
\Gm@bindingoffset=\dimen139
\Gm@wd@mp=\dimen140
\Gm@odd@mp=\dimen141
\Gm@even@mp=\dimen142
\Gm@layoutwidth=\dimen143
\Gm@layoutheight=\dimen144
\Gm@layouthoffset=\dimen145
\Gm@layoutvoffset=\dimen146
\Gm@dimlist=\toks17
 (C:\Users\alber\AppData\Local\Programs\MiKTeX\tex/latex/geometry\geometry.cfg)) (C:\Users\alber\AppData\Local\Programs\MiKTeX\tex/latex/hyperref\hyperref.sty
Package: hyperref 2021-06-07 v7.00m Hypertext links for LaTeX
 (C:\Users\alber\AppData\Local\Programs\MiKTeX\tex/generic/ltxcmds\ltxcmds.sty
Package: ltxcmds 2020-05-10 v1.25 LaTeX kernel commands for general use (HO)
) (C:\Users\alber\AppData\Local\Programs\MiKTeX\tex/generic/pdftexcmds\pdftexcmds.sty
Package: pdftexcmds 2020-06-27 v0.33 Utility functions of pdfTeX for LuaTeX (HO)
 (C:\Users\alber\AppData\Local\Programs\MiKTeX\tex/generic/infwarerr\infwarerr.sty
Package: infwarerr 2019/12/03 v1.5 Providing info/warning/error messages (HO)
)
Package pdftexcmds Info: \pdf@primitive is available.
Package pdftexcmds Info: \pdf@ifprimitive is available.
Package pdftexcmds Info: \pdfdraftmode found.
) (C:\Users\alber\AppData\Local\Programs\MiKTeX\tex/generic/kvsetkeys\kvsetkeys.sty
Package: kvsetkeys 2019/12/15 v1.18 Key value parser (HO)
) (C:\Users\alber\AppData\Local\Programs\MiKTeX\tex/generic/kvdefinekeys\kvdefinekeys.sty
Package: kvdefinekeys 2019-12-19 v1.6 Define keys (HO)
) (C:\Users\alber\AppData\Local\Programs\MiKTeX\tex/generic/pdfescape\pdfescape.sty
Package: pdfescape 2019/12/09 v1.15 Implements pdfTeX's escape features (HO)
) (C:\Users\alber\AppData\Local\Programs\MiKTeX\tex/latex/hycolor\hycolor.sty
Package: hycolor 2020-01-27 v1.10 Color options for hyperref/bookmark (HO)
) (C:\Users\alber\AppData\Local\Programs\MiKTeX\tex/latex/letltxmacro\letltxmacro.sty
Package: letltxmacro 2019/12/03 v1.6 Let assignment for LaTeX macros (HO)
) (C:\Users\alber\AppData\Local\Programs\MiKTeX\tex/latex/auxhook\auxhook.sty
Package: auxhook 2019-12-17 v1.6 Hooks for auxiliary files (HO)
) (C:\Users\alber\AppData\Local\Programs\MiKTeX\tex/latex/kvoptions\kvoptions.sty
Package: kvoptions 2020-10-07 v3.14 Key value format for package options (HO)
)
\@linkdim=\dimen147
\Hy@linkcounter=\count194
\Hy@pagecounter=\count195
 (C:\Users\alber\AppData\Local\Programs\MiKTeX\tex/latex/hyperref\pd1enc.def
File: pd1enc.def 2021-06-07 v7.00m Hyperref: PDFDocEncoding definition (HO)
Now handling font encoding PD1 ...
... no UTF-8 mapping file for font encoding PD1
) (C:\Users\alber\AppData\Local\Programs\MiKTeX\tex/latex/hyperref\hyperref-langpatches.def
File: hyperref-langpatches.def 2021-06-07 v7.00m Hyperref: patches for babel languages
) (C:\Users\alber\AppData\Local\Programs\MiKTeX\tex/generic/intcalc\intcalc.sty
Package: intcalc 2019/12/15 v1.3 Expandable calculations with integers (HO)
) (C:\Users\alber\AppData\Local\Programs\MiKTeX\tex/generic/etexcmds\etexcmds.sty
Package: etexcmds 2019/12/15 v1.7 Avoid name clashes with e-TeX commands (HO)
)
\Hy@SavedSpaceFactor=\count196
 (C:\Users\alber\AppData\Local\Programs\MiKTeX\tex/latex/hyperref\puenc.def
File: puenc.def 2021-06-07 v7.00m Hyperref: PDF Unicode definition (HO)
Now handling font encoding PU ...
... no UTF-8 mapping file for font encoding PU
)
Package hyperref Info: Option `colorlinks' set `true' on input line 4073.
Package hyperref Info: Hyper figures OFF on input line 4192.
Package hyperref Info: Link nesting OFF on input line 4197.
Package hyperref Info: Hyper index ON on input line 4200.
Package hyperref Info: Plain pages OFF on input line 4207.
Package hyperref Info: Backreferencing OFF on input line 4212.
Package hyperref Info: Implicit mode ON; LaTeX internals redefined.
Package hyperref Info: Bookmarks ON on input line 4445.
\c@Hy@tempcnt=\count197
 (C:\Users\alber\AppData\Local\Programs\MiKTeX\tex/latex/url\url.sty
\Urlmuskip=\muskip16
Package: url 2013/09/16  ver 3.4  Verb mode for urls, etc.
)
LaTeX Info: Redefining \url on input line 4804.
\XeTeXLinkMargin=\dimen148
 (C:\Users\alber\AppData\Local\Programs\MiKTeX\tex/generic/bitset\bitset.sty
Package: bitset 2019/12/09 v1.3 Handle bit-vector datatype (HO)
 (C:\Users\alber\AppData\Local\Programs\MiKTeX\tex/generic/bigintcalc\bigintcalc.sty
Package: bigintcalc 2019/12/15 v1.5 Expandable calculations on big integers (HO)
))
\Fld@menulength=\count198
\Field@Width=\dimen149
\Fld@charsize=\dimen150
Package hyperref Info: Hyper figures OFF on input line 6076.
Package hyperref Info: Link nesting OFF on input line 6081.
Package hyperref Info: Hyper index ON on input line 6084.
Package hyperref Info: backreferencing OFF on input line 6091.
Package hyperref Info: Link coloring ON on input line 6094.
Package hyperref Info: Link coloring with OCG OFF on input line 6101.
Package hyperref Info: PDF/A mode OFF on input line 6106.
LaTeX Info: Redefining \ref on input line 6146.
LaTeX Info: Redefining \pageref on input line 6150.
 (C:\Users\alber\AppData\Local\Programs\MiKTeX\tex/latex/base\atbegshi-ltx.sty
Package: atbegshi-ltx 2021/01/10 v1.0c Emulation of the original atbegshi
package with kernel methods
)
\Hy@abspage=\count199
\c@Item=\count266
\c@Hfootnote=\count267
)
Package hyperref Info: Driver: hpdftex.
 (C:\Users\alber\AppData\Local\Programs\MiKTeX\tex/latex/hyperref\hpdftex.def
File: hpdftex.def 2021-06-07 v7.00m Hyperref driver for pdfTeX
 (C:\Users\alber\AppData\Local\Programs\MiKTeX\tex/latex/base\atveryend-ltx.sty
Package: atveryend-ltx 2020/08/19 v1.0a Emulation of the original atvery package
with kernel methods
)
\Fld@listcount=\count268
\c@bookmark@seq@number=\count269
 (C:\Users\alber\AppData\Local\Programs\MiKTeX\tex/latex/rerunfilecheck\rerunfilecheck.sty
Package: rerunfilecheck 2019/12/05 v1.9 Rerun checks for auxiliary files (HO)
 (C:\Users\alber\AppData\Local\Programs\MiKTeX\tex/generic/uniquecounter\uniquecounter.sty
Package: uniquecounter 2019/12/15 v1.4 Provide unlimited unique counter (HO)
)
Package uniquecounter Info: New unique counter `rerunfilecheck' on input line 286.
)
\Hy@SectionHShift=\skip49
) (C:\Users\alber\AppData\Local\Programs\MiKTeX\tex/latex/graphics\graphicx.sty
Package: graphicx 2020/12/05 v1.2c Enhanced LaTeX Graphics (DPC,SPQR)
 (C:\Users\alber\AppData\Local\Programs\MiKTeX\tex/latex/graphics\graphics.sty
Package: graphics 2021/03/04 v1.4d Standard LaTeX Graphics (DPC,SPQR)
 (C:\Users\alber\AppData\Local\Programs\MiKTeX\tex/latex/graphics\trig.sty
Package: trig 2016/01/03 v1.10 sin cos tan (DPC)
) (C:\Users\alber\AppData\Local\Programs\MiKTeX\tex/latex/graphics-cfg\graphics.cfg
File: graphics.cfg 2016/06/04 v1.11 sample graphics configuration
)
Package graphics Info: Driver file: pdftex.def on input line 107.
 (C:\Users\alber\AppData\Local\Programs\MiKTeX\tex/latex/graphics-def\pdftex.def
File: pdftex.def 2020/10/05 v1.2a Graphics/color driver for pdftex
))
\Gin@req@height=\dimen151
\Gin@req@width=\dimen152
) (C:\Users\alber\AppData\Local\Programs\MiKTeX\tex/generic/babel\babel.sty
Package: babel 2021/07/22 3.63 The Babel package
 (C:\Users\alber\AppData\Local\Programs\MiKTeX\tex/generic/babel\babel.def
File: babel.def 2021/07/22 3.63 Babel common definitions
\babel@savecnt=\count270
\U@D=\dimen153
\l@unhyphenated=\language79
 (C:\Users\alber\AppData\Local\Programs\MiKTeX\tex/generic/babel\txtbabel.def)
\bbl@readstream=\read2
)
\bbl@dirlevel=\count271

*************************************
* Local config file bblopts.cfg used
*
(C:\Users\alber\AppData\Local\Programs\MiKTeX\tex/latex/arabi\bblopts.cfg
File: bblopts.cfg 2005/09/08 v0.1 add Arabic and Farsi to "declared" options of babel
) (C:\Users\alber\AppData\Local\Programs\MiKTeX\tex/latex/babel-spanish\spanish.ldf
Language: spanish.ldf 2021/05/27 v5.0q Spanish support from the babel system
\es@quottoks=\toks18
\es@quotdepth=\count272
Package babel Info: Making " an active character on input line 570.
Package babel Info: Making . an active character on input line 675.
Package babel Info: Making < an active character on input line 722.
Package babel Info: Making > an active character on input line 722.
)) (C:\Users\alber\AppData\Local\Programs\MiKTeX\tex/latex/base\inputenc.sty
Package: inputenc 2021/02/14 v1.3d Input encoding file
\inpenc@prehook=\toks19
\inpenc@posthook=\toks20
) (C:\Users\alber\AppData\Local\Programs\MiKTeX\tex/latex/amsmath\amsmath.sty
Package: amsmath 2021/04/20 v2.17j AMS math features
\@mathmargin=\skip50

For additional information on amsmath, use the `?' option.
(C:\Users\alber\AppData\Local\Programs\MiKTeX\tex/latex/amsmath\amstext.sty
Package: amstext 2000/06/29 v2.01 AMS text
 (C:\Users\alber\AppData\Local\Programs\MiKTeX\tex/latex/amsmath\amsgen.sty
File: amsgen.sty 1999/11/30 v2.0 generic functions
\@emptytoks=\toks21
\ex@=\dimen154
)) (C:\Users\alber\AppData\Local\Programs\MiKTeX\tex/latex/amsmath\amsbsy.sty
Package: amsbsy 1999/11/29 v1.2d Bold Symbols
\pmbraise@=\dimen155
) (C:\Users\alber\AppData\Local\Programs\MiKTeX\tex/latex/amsmath\amsopn.sty
Package: amsopn 2016/03/08 v2.02 operator names
)
\inf@bad=\count273
LaTeX Info: Redefining \frac on input line 234.
\uproot@=\count274
\leftroot@=\count275
LaTeX Info: Redefining \overline on input line 399.
\classnum@=\count276
\DOTSCASE@=\count277
LaTeX Info: Redefining \ldots on input line 496.
LaTeX Info: Redefining \dots on input line 499.
LaTeX Info: Redefining \cdots on input line 620.
\Mathstrutbox@=\box50
\strutbox@=\box51
\big@size=\dimen156
LaTeX Font Info:    Redeclaring font encoding OML on input line 743.
LaTeX Font Info:    Redeclaring font encoding OMS on input line 744.
\macc@depth=\count278
\c@MaxMatrixCols=\count279
\dotsspace@=\muskip17
\c@parentequation=\count280
\dspbrk@lvl=\count281
\tag@help=\toks22
\row@=\count282
\column@=\count283
\maxfields@=\count284
\andhelp@=\toks23
\eqnshift@=\dimen157
\alignsep@=\dimen158
\tagshift@=\dimen159
\tagwidth@=\dimen160
\totwidth@=\dimen161
\lineht@=\dimen162
\@envbody=\toks24
\multlinegap=\skip51
\multlinetaggap=\skip52
\mathdisplay@stack=\toks25
LaTeX Info: Redefining \[ on input line 2923.
LaTeX Info: Redefining \] on input line 2924.
) (C:\Users\alber\AppData\Local\Programs\MiKTeX\tex/latex/amsfonts\amssymb.sty
Package: amssymb 2013/01/14 v3.01 AMS font symbols
 (C:\Users\alber\AppData\Local\Programs\MiKTeX\tex/latex/amsfonts\amsfonts.sty
Package: amsfonts 2013/01/14 v3.01 Basic AMSFonts support
\symAMSa=\mathgroup4
\symAMSb=\mathgroup5
LaTeX Font Info:    Redeclaring math symbol \hbar on input line 98.
LaTeX Font Info:    Overwriting math alphabet `\mathfrak' in version `bold'
(Font)                  U/euf/m/n --> U/euf/b/n on input line 106.
)) (C:\Users\alber\AppData\Local\Programs\MiKTeX\tex/latex/graphics\color.sty
Package: color 2020/02/24 v1.2b Standard LaTeX Color (DPC)
 (C:\Users\alber\AppData\Local\Programs\MiKTeX\tex/latex/graphics-cfg\color.cfg
File: color.cfg 2016/01/02 v1.6 sample color configuration
)
Package color Info: Driver file: pdftex.def on input line 149.
) (C:\Users\alber\AppData\Local\Programs\MiKTeX\tex/latex/tools\afterpage.sty
Package: afterpage 2014/10/28 v1.08 After-Page Package (DPC)
\AP@output=\toks26
\AP@partial=\box52
\AP@footins=\box53
) (C:\Users\alber\AppData\Local\Programs\MiKTeX\tex/latex/paralist\paralist.sty
Package: paralist 2017/01/22 v2.7 Extended list environments
\pltopsep=\skip53
\plpartopsep=\skip54
\plitemsep=\skip55
\plparsep=\skip56
\pl@lab=\toks27
) (C:\Users\alber\AppData\Local\Programs\MiKTeX\tex/latex/tools\array.sty
Package: array 2021/04/20 v2.5e Tabular extension package (FMi)
\col@sep=\dimen163
\ar@mcellbox=\box54
\extrarowheight=\dimen164
\NC@list=\toks28
\extratabsurround=\skip57
\backup@length=\skip58
\ar@cellbox=\box55
) (C:\Users\alber\AppData\Local\Programs\MiKTeX\tex/latex/tools\enumerate.sty
Package: enumerate 2015/07/23 v3.00 enumerate extensions (DPC)
\@enLab=\toks29
) (C:\Users\alber\AppData\Local\Programs\MiKTeX\tex/latex/enumitem\enumitem.sty
Package: enumitem 2019/06/20 v3.9 Customized lists
\labelindent=\skip59
\enit@outerparindent=\dimen165
\enit@toks=\toks30
\enit@inbox=\box56
\enit@count@id=\count285
\enitdp@description=\count286
) (C:\Users\alber\AppData\Local\Programs\MiKTeX\tex/latex/float\float.sty
Package: float 2001/11/08 v1.3d Float enhancements (AL)
\c@float@type=\count287
\float@exts=\toks31
\float@box=\box57
\@float@everytoks=\toks32
\@floatcapt=\box58
) (C:\Users\alber\AppData\Local\Programs\MiKTeX\tex/latex/setspace\setspace.sty
Package: setspace 2011/12/19 v6.7a set line spacing
) (C:\Users\alber\AppData\Local\Programs\MiKTeX\tex/latex/listings\listings.sty
\lst@mode=\count288
\lst@gtempboxa=\box59
\lst@token=\toks33
\lst@length=\count289
\lst@currlwidth=\dimen166
\lst@column=\count290
\lst@pos=\count291
\lst@lostspace=\dimen167
\lst@width=\dimen168
\lst@newlines=\count292
\lst@lineno=\count293
\lst@maxwidth=\dimen169
 (C:\Users\alber\AppData\Local\Programs\MiKTeX\tex/latex/listings\lstmisc.sty
File: lstmisc.sty 2020/03/24 1.8d (Carsten Heinz)
\c@lstnumber=\count294
\lst@skipnumbers=\count295
\lst@framebox=\box60
) (C:\Users\alber\AppData\Local\Programs\MiKTeX\tex/latex/listings\listings.cfg
File: listings.cfg 2020/03/24 1.8d listings configuration
))
Package: listings 2020/03/24 1.8d (Carsten Heinz)
 (C:\Users\alber\AppData\Local\Programs\MiKTeX\tex/latex/algorithms\algorithm.sty
Package: algorithm 2009/08/24 v0.1 Document Style `algorithm' - floating environment
 (C:\Users\alber\AppData\Local\Programs\MiKTeX\tex/latex/base\ifthen.sty
Package: ifthen 2020/11/24 v1.1c Standard LaTeX ifthen package (DPC)
)
\@float@every@algorithm=\toks34
\c@algorithm=\count296
) (C:\Users\alber\AppData\Local\Programs\MiKTeX\tex/latex/algorithms\algorithmic.sty
Package: algorithmic 2009/08/24 v0.1 Document Style `algorithmic'
\c@ALC@unique=\count297
\c@ALC@line=\count298
\c@ALC@rem=\count299
\c@ALC@depth=\count300
\ALC@tlm=\skip60
\algorithmicindent=\skip61
) (C:\Users\alber\AppData\Local\Programs\MiKTeX\tex/latex/fancyhdr\fancyhdr.sty
Package: fancyhdr 2021/01/28 v4.0.1 Extensive control of page headers and footers
\f@nch@headwidth=\skip62
\f@nch@O@elh=\skip63
\f@nch@O@erh=\skip64
\f@nch@O@olh=\skip65
\f@nch@O@orh=\skip66
\f@nch@O@elf=\skip67
\f@nch@O@erf=\skip68
\f@nch@O@olf=\skip69
\f@nch@O@orf=\skip70
) (C:\Users\alber\AppData\Local\Programs\MiKTeX\tex/latex/graphics\rotating.sty
Package: rotating 2016/08/11 v2.16d rotated objects in LaTeX
\c@r@tfl@t=\count301
\rotFPtop=\skip71
\rotFPbot=\skip72
\rot@float@box=\box61
\rot@mess@toks=\toks35
) (C:\Users\alber\AppData\Local\Programs\MiKTeX\tex/latex/multirow\multirow.sty
Package: multirow 2021/03/15 v2.8 Span multiple rows of a table
\multirow@colwidth=\skip73
\multirow@cntb=\count302
\multirow@dima=\skip74
\bigstrutjot=\dimen170
) (C:\Users\alber\AppData\Local\Programs\MiKTeX\tex/latex/quotchap\quotchap.sty
Package: quotchap 2020/11/13 v1.3 Decorative Chapter Headings with Quotes
\@quotebox=\box62
) (C:\Users\alber\AppData\Local\Programs\MiKTeX\tex/latex/lipsum\lipsum.sty (C:\Users\alber\AppData\Local\Programs\MiKTeX\tex/latex/l3packages/l3keys2e\l3keys2e.sty (C:\Users\alber\AppData\Local\Programs\MiKTeX\tex/latex/l3kernel\expl3.sty
Package: expl3 2021-08-27 L3 programming layer (loader) 
 (C:\Users\alber\AppData\Local\Programs\MiKTeX\tex/latex/l3backend\l3backend-pdftex.def
File: l3backend-pdftex.def 2021-08-04 L3 backend support: PDF output (pdfTeX)
\l__color_backend_stack_int=\count303
\l__pdf_internal_box=\box63
))
Package: l3keys2e 2021-08-27 LaTeX2e option processing using LaTeX3 keys
)
Package: lipsum 2021-09-20 v2.7 150 paragraphs of Lorem Ipsum dummy text
\g__lipsum_par_int=\count304
\l__lipsum_a_int=\count305
\l__lipsum_b_int=\count306
 (C:\Users\alber\AppData\Local\Programs\MiKTeX\tex/latex/lipsum\lipsum.ltd.tex)) (C:\Users\alber\AppData\Local\Programs\MiKTeX\tex/latex/tools\verbatim.sty
Package: verbatim 2020-07-07 v1.5u LaTeX2e package for verbatim enhancements
\every@verbatim=\toks36
\verbatim@line=\toks37
\verbatim@in@stream=\read3
) (C:\Users\alber\AppData\Local\Programs\MiKTeX\tex/latex/subfig\subfig.sty
Package: subfig 2005/06/28 ver: 1.3 subfig package
 (C:\Users\alber\AppData\Local\Programs\MiKTeX\tex/latex/caption\caption.sty
Package: caption 2020/10/26 v3.5g Customizing captions (AR)
 (C:\Users\alber\AppData\Local\Programs\MiKTeX\tex/latex/caption\caption3.sty
Package: caption3 2020/10/21 v2.2e caption3 kernel (AR)
\captionmargin=\dimen171
\captionmargin@=\dimen172
\captionwidth=\dimen173
\caption@tempdima=\dimen174
\caption@indent=\dimen175
\caption@parindent=\dimen176
\caption@hangindent=\dimen177
Package caption Info: Standard document class detected.
)
\c@caption@flags=\count307
\c@continuedfloat=\count308
Package caption Info: float package is loaded.
Package caption Info: hyperref package is loaded.
Package caption Info: listings package is loaded.
Package caption Info: rotating package is loaded.
)
\c@KVtest=\count309
\sf@farskip=\skip75
\sf@captopadj=\dimen178
\sf@capskip=\skip76
\sf@nearskip=\skip77
\c@subfigure=\count310
\c@subfigure@save=\count311
\c@lofdepth=\count312
\c@subtable=\count313
\c@subtable@save=\count314
\c@lotdepth=\count315
\sf@top=\skip78
\sf@bottom=\skip79
) (C:\Users\alber\AppData\Local\Programs\MiKTeX\tex/latex/wrapfig\wrapfig.sty
\wrapoverhang=\dimen179
\WF@size=\dimen180
\c@WF@wrappedlines=\count316
\WF@box=\box64
\WF@everypar=\toks38
Package: wrapfig 2003/01/31  v 3.6
)
Package hyperref Info: Option `pageanchor' set `true' on input line 55.
Package hyperref Info: Option `colorlinks' set `true' on input line 55.
LaTeX Font Info:    Trying to load font information for T1+txtt on input line 79.
 (C:\Users\alber\AppData\Local\Programs\MiKTeX\tex/latex/txfonts\t1txtt.fd
File: t1txtt.fd 2000/12/15 v3.1
) (c:\ALBERTO\3) UNIVERSITY\TFG\MEMORIA\build\tfg.aux
LaTeX Info: Redefining \. on input line 25.
LaTeX Info: Redefining \% on input line 25.
LaTeX Info: Redefining \. on input line 26.
LaTeX Info: Redefining \% on input line 26.
LaTeX Info: Redefining \. on input line 27.
LaTeX Info: Redefining \% on input line 27.
)
\openout1 = `tfg.aux'.

LaTeX Font Info:    Checking defaults for OML/cmm/m/it on input line 170.
LaTeX Font Info:    ... okay on input line 170.
LaTeX Font Info:    Checking defaults for OMS/cmsy/m/n on input line 170.
LaTeX Font Info:    ... okay on input line 170.
LaTeX Font Info:    Checking defaults for OT1/cmr/m/n on input line 170.
LaTeX Font Info:    ... okay on input line 170.
LaTeX Font Info:    Checking defaults for T1/cmr/m/n on input line 170.
LaTeX Font Info:    ... okay on input line 170.
LaTeX Font Info:    Checking defaults for TS1/cmr/m/n on input line 170.
LaTeX Font Info:    ... okay on input line 170.
LaTeX Font Info:    Checking defaults for OMX/cmex/m/n on input line 170.
LaTeX Font Info:    ... okay on input line 170.
LaTeX Font Info:    Checking defaults for U/cmr/m/n on input line 170.
LaTeX Font Info:    ... okay on input line 170.
LaTeX Font Info:    Checking defaults for PD1/pdf/m/n on input line 170.
LaTeX Font Info:    ... okay on input line 170.
LaTeX Font Info:    Checking defaults for PU/pdf/m/n on input line 170.
LaTeX Font Info:    ... okay on input line 170.

*geometry* driver: auto-detecting
*geometry* detected driver: pdftex
*geometry* verbose mode - [ preamble ] result:
* driver: pdftex
* paper: a4paper
* layout: <same size as paper>
* layoutoffset:(h,v)=(0.0pt,0.0pt)
* bindingoffset: 8.53581pt
* modes: twoside 
* h-part:(L,W,R)=(70.67737pt, 412.27864pt, 106.01605pt)
* v-part:(T,H,B)=(101.40665pt, 644.05556pt, 99.58464pt)
* \paperwidth=597.50787pt
* \paperheight=845.04684pt
* \textwidth=412.27864pt
* \textheight=644.05556pt
* \oddsidemargin=6.94319pt
* \evensidemargin=33.74606pt
* \topmargin=-7.86334pt
* \headheight=12.0pt
* \headsep=25.0pt
* \topskip=12.0pt
* \footskip=30.0pt
* \marginparwidth=95.0pt
* \marginparsep=10.0pt
* \columnsep=10.0pt
* \skip\footins=10.8pt plus 4.0pt minus 2.0pt
* \hoffset=0.0pt
* \voffset=0.0pt
* \mag=1000
* \@twocolumnfalse
* \@twosidetrue
* \@mparswitchtrue
* \@reversemarginfalse
* (1in=72.27pt=25.4mm, 1cm=28.453pt)

Package hyperref Info: Link coloring ON on input line 170.
(C:\Users\alber\AppData\Local\Programs\MiKTeX\tex/latex/hyperref\nameref.sty
Package: nameref 2021-04-02 v2.47 Cross-referencing by name of section
 (C:\Users\alber\AppData\Local\Programs\MiKTeX\tex/latex/refcount\refcount.sty
Package: refcount 2019/12/15 v3.6 Data extraction from label references (HO)
) (C:\Users\alber\AppData\Local\Programs\MiKTeX\tex/generic/gettitlestring\gettitlestring.sty
Package: gettitlestring 2019/12/15 v1.6 Cleanup title references (HO)
)
\c@section@level=\count317
)
LaTeX Info: Redefining \ref on input line 170.
LaTeX Info: Redefining \pageref on input line 170.
LaTeX Info: Redefining \nameref on input line 170.
 (c:\ALBERTO\3) UNIVERSITY\TFG\MEMORIA\build\tfg.out) (c:\ALBERTO\3) UNIVERSITY\TFG\MEMORIA\build\tfg.out)
\@outlinefile=\write3
\openout3 = `tfg.out'.

 (C:\Users\alber\AppData\Local\Programs\MiKTeX\tex/context/base/mkii\supp-pdf.mkii
[Loading MPS to PDF converter (version 2006.09.02).]
\scratchcounter=\count318
\scratchdimen=\dimen181
\scratchbox=\box65
\nofMPsegments=\count319
\nofMParguments=\count320
\everyMPshowfont=\toks39
\MPscratchCnt=\count321
\MPscratchDim=\dimen182
\MPnumerator=\count322
\makeMPintoPDFobject=\count323
\everyMPtoPDFconversion=\toks40
) (C:\Users\alber\AppData\Local\Programs\MiKTeX\tex/latex/epstopdf-pkg\epstopdf-base.sty
Package: epstopdf-base 2020-01-24 v2.11 Base part for package epstopdf
Package epstopdf-base Info: Redefining graphics rule for `.eps' on input line 485.
 (C:\Users\alber\AppData\Local\Programs\MiKTeX\tex/latex/00miktex\epstopdf-sys.cfg
File: epstopdf-sys.cfg 2021/03/18 v2.0 Configuration of epstopdf for MiKTeX
))
LaTeX Info: Redefining \. on input line 170.
LaTeX Info: Redefining \% on input line 170.
\c@lstlisting=\count324
Package caption Info: Begin \AtBeginDocument code.
Package caption Info: subfig package v1.3 is loaded.
Package caption Info: wrapfig package is loaded.
Package caption Info: End \AtBeginDocument code.
LaTeX Info: Redefining \. on input line 177.
LaTeX Info: Redefining \% on input line 177.
<logoURJC.pdf, id=311, 413.545pt x 158.5925pt>
File: logoURJC.pdf Graphic file (type pdf)
<use logoURJC.pdf>
Package pdftex.def Info: logoURJC.pdf  used on input line 181.
(pdftex.def)             Requested size: 289.4795pt x 111.01396pt.
 [1

{C:/Users/alber/AppData/Local/MiKTeX/pdftex/config/pdftex.map} <./logoURJC.pdf>]
LaTeX Info: Redefining \. on input line 232.
LaTeX Info: Redefining \% on input line 232.
Package hyperref Info: Option `pageanchor' set `true' on input line 235.
 [2

]
LaTeX Font Info:    Trying to load font information for OT1+pbk on input line 253.
 (C:\Users\alber\AppData\Local\Programs\MiKTeX\tex/latex/psnfss\ot1pbk.fd
File: ot1pbk.fd 2001/06/04 font definitions for OT1/pbk.
)
LaTeX Font Info:    Font shape `OT1/pbk/b/n' in size <24.88> not available
(Font)              Font shape `OT1/pbk/db/n' tried instead on input line 253.
LaTeX Font Info:    Font shape `OT1/pbk/b/n' in size <100> not available
(Font)              Font shape `OT1/pbk/db/n' tried instead on input line 253.
 [3] [4

]
LaTeX Font Info:    Trying to load font information for U+msa on input line 277.
 (C:\Users\alber\AppData\Local\Programs\MiKTeX\tex/latex/amsfonts\umsa.fd
File: umsa.fd 2013/01/14 v3.01 AMS symbols A
)
LaTeX Font Info:    Trying to load font information for U+msb on input line 277.
 (C:\Users\alber\AppData\Local\Programs\MiKTeX\tex/latex/amsfonts\umsb.fd
File: umsb.fd 2013/01/14 v3.01 AMS symbols B
) [5] [6

] (c:\ALBERTO\3) UNIVERSITY\TFG\MEMORIA\build\tfg.toc
LaTeX Info: Redefining \. on input line 1.
LaTeX Info: Redefining \% on input line 1.
LaTeX Info: Redefining \. on input line 2.
LaTeX Info: Redefining \% on input line 2.
LaTeX Info: Redefining \. on input line 3.
LaTeX Info: Redefining \% on input line 3.
 [7]
Underfull \vbox (badness 1755) has occurred while \output is active []

 [8])
\tf@toc=\write4
\openout4 = `tfg.toc'.

 [9] [10

] (c:\ALBERTO\3) UNIVERSITY\TFG\MEMORIA\build\tfg.lof
LaTeX Info: Redefining \. on input line 1.
LaTeX Info: Redefining \% on input line 1.
LaTeX Info: Redefining \. on input line 2.
LaTeX Info: Redefining \% on input line 2.
LaTeX Info: Redefining \. on input line 3.
LaTeX Info: Redefining \% on input line 3.
 [11] [12]
Overfull \hbox (0.22636pt too wide) detected at line 81
\OT1/cmr/m/n/12 D.10. 
 []


Overfull \hbox (0.22636pt too wide) detected at line 82
\OT1/cmr/m/n/12 D.11. 
 []


Overfull \hbox (0.22636pt too wide) detected at line 83
\OT1/cmr/m/n/12 D.12. 
 []


Overfull \hbox (0.22636pt too wide) detected at line 84
\OT1/cmr/m/n/12 D.13. 
 []


Overfull \hbox (0.22636pt too wide) detected at line 85
\OT1/cmr/m/n/12 D.14. 
 []


Overfull \hbox (0.22636pt too wide) detected at line 86
\OT1/cmr/m/n/12 D.15. 
 []


Overfull \hbox (0.22636pt too wide) detected at line 87
\OT1/cmr/m/n/12 D.16. 
 []


Overfull \hbox (0.22636pt too wide) detected at line 88
\OT1/cmr/m/n/12 D.17. 
 []


Overfull \hbox (0.22636pt too wide) detected at line 89
\OT1/cmr/m/n/12 D.18. 
 []

)
\tf@lof=\write5
\openout5 = `tfg.lof'.



Package fancyhdr Warning: \headheight is too small (12.0pt): 
(fancyhdr)                Make it at least 14.49998pt, for example:
(fancyhdr)                \setlength{\headheight}{14.49998pt}.
(fancyhdr)                You might also make \topmargin smaller to compensate:
(fancyhdr)                \addtolength{\topmargin}{-2.49998pt}.

[13] [14

]
Cap\'{\i }tulo 1.
pdfTeX warning (ext4): destination with the same identifier (name{page.1}) has been already used, duplicate ignored
<to be read again> 
                   \relax 
l.378 
       [1]
Underfull \vbox (badness 2334) has occurred while \output is active []

LaTeX Info: Redefining \. on input line 406.
LaTeX Info: Redefining \% on input line 406.


Package fancyhdr Warning: \headheight is too small (12.0pt): 
(fancyhdr)                Make it at least 14.49998pt, for example:
(fancyhdr)                \setlength{\headheight}{14.49998pt}.
(fancyhdr)                You might also make \topmargin smaller to compensate:
(fancyhdr)                \addtolength{\topmargin}{-2.49998pt}.

[2]
<assets/Estado del Arte/tonegym.png, id=634, 877.77937pt x 666.23906pt>
File: assets/Estado del Arte/tonegym.png Graphic file (type png)
<use assets/Estado del Arte/tonegym.png>
Package pdftex.def Info: assets/Estado del Arte/tonegym.png  used on input line 408.
(pdftex.def)             Requested size: 371.04825pt x 281.62804pt.

Underfull \vbox (badness 10000) has occurred while \output is active []

LaTeX Info: Redefining \. on input line 439.
LaTeX Info: Redefining \% on input line 439.


Package fancyhdr Warning: \headheight is too small (12.0pt): 
(fancyhdr)                Make it at least 14.49998pt, for example:
(fancyhdr)                \setlength{\headheight}{14.49998pt}.
(fancyhdr)                You might also make \topmargin smaller to compensate:
(fancyhdr)                \addtolength{\topmargin}{-2.49998pt}.

[3 <./assets/Estado del Arte/tonegym.png>]
<assets/Estado del Arte/tonedear.png, id=648, 868.74562pt x 548.80031pt>
File: assets/Estado del Arte/tonedear.png Graphic file (type png)
<use assets/Estado del Arte/tonedear.png>
Package pdftex.def Info: assets/Estado del Arte/tonedear.png  used on input line 441.
(pdftex.def)             Requested size: 371.04825pt x 234.39684pt.

Underfull \vbox (badness 10000) has occurred while \output is active []

LaTeX Info: Redefining \. on input line 467.
LaTeX Info: Redefining \% on input line 467.


Package fancyhdr Warning: \headheight is too small (12.0pt): 
(fancyhdr)                Make it at least 14.49998pt, for example:
(fancyhdr)                \setlength{\headheight}{14.49998pt}.
(fancyhdr)                You might also make \topmargin smaller to compensate:
(fancyhdr)                \addtolength{\topmargin}{-2.49998pt}.

[4 <./assets/Estado del Arte/tonedear.png>]
<assets/Estado del Arte/earmaster.png, id=659, 919.18407pt x 706.13812pt>
File: assets/Estado del Arte/earmaster.png Graphic file (type png)
<use assets/Estado del Arte/earmaster.png>
Package pdftex.def Info: assets/Estado del Arte/earmaster.png  used on input line 469.
(pdftex.def)             Requested size: 309.20897pt x 237.54094pt.
<assets/Estado del Arte/earmasterprices.png, id=662, 657.2053pt x 229.60782pt>
File: assets/Estado del Arte/earmasterprices.png Graphic file (type png)
<use assets/Estado del Arte/earmasterprices.png>
Package pdftex.def Info: assets/Estado del Arte/earmasterprices.png  used on input line 479.
(pdftex.def)             Requested size: 350.43935pt x 122.43431pt.
LaTeX Info: Redefining \. on input line 489.
LaTeX Info: Redefining \% on input line 489.


Package fancyhdr Warning: \headheight is too small (12.0pt): 
(fancyhdr)                Make it at least 14.49998pt, for example:
(fancyhdr)                \setlength{\headheight}{14.49998pt}.
(fancyhdr)                You might also make \topmargin smaller to compensate:
(fancyhdr)                \addtolength{\topmargin}{-2.49998pt}.

[5 <./assets/Estado del Arte/earmaster.png> <./assets/Estado del Arte/earmasterprices.png>]
<assets/LeanDesignAgile.png, id=675, 831.105pt x 441.90094pt>
File: assets/LeanDesignAgile.png Graphic file (type png)
<use assets/LeanDesignAgile.png>
Package pdftex.def Info: assets/LeanDesignAgile.png  used on input line 502.
(pdftex.def)             Requested size: 382.31294pt x 203.27689pt.
LaTeX Info: Redefining \. on input line 513.
LaTeX Info: Redefining \% on input line 513.


Package fancyhdr Warning: \headheight is too small (12.0pt): 
(fancyhdr)                Make it at least 14.49998pt, for example:
(fancyhdr)                \setlength{\headheight}{14.49998pt}.
(fancyhdr)                You might also make \topmargin smaller to compensate:
(fancyhdr)                \addtolength{\topmargin}{-2.49998pt}.

[6 <./assets/LeanDesignAgile.png>]
LaTeX Info: Redefining \. on input line 523.
LaTeX Info: Redefining \% on input line 523.


Package fancyhdr Warning: \headheight is too small (12.0pt): 
(fancyhdr)                Make it at least 14.49998pt, for example:
(fancyhdr)                \setlength{\headheight}{14.49998pt}.
(fancyhdr)                You might also make \topmargin smaller to compensate:
(fancyhdr)                \addtolength{\topmargin}{-2.49998pt}.

[7]
Cap\'{\i }tulo 2.
[8

]
<assets/Design Thinking/Etapas.png, id=708, 848.16875pt x 295.1025pt>
File: assets/Design Thinking/Etapas.png Graphic file (type png)
<use assets/Design Thinking/Etapas.png>
Package pdftex.def Info: assets/Design Thinking/Etapas.png  used on input line 551.
(pdftex.def)             Requested size: 373.1954pt x 129.84549pt.
LaTeX Info: Redefining \. on input line 572.
LaTeX Info: Redefining \% on input line 572.


Package fancyhdr Warning: \headheight is too small (12.0pt): 
(fancyhdr)                Make it at least 14.49998pt, for example:
(fancyhdr)                \setlength{\headheight}{14.49998pt}.
(fancyhdr)                You might also make \topmargin smaller to compensate:
(fancyhdr)                \addtolength{\topmargin}{-2.49998pt}.

[9 <./assets/Design Thinking/Etapas.png>]
<assets/Design Thinking/MindMap.jpg, id=718, 864.22874pt x 1165.35374pt>
File: assets/Design Thinking/MindMap.jpg Graphic file (type jpg)
<use assets/Design Thinking/MindMap.jpg>
Package pdftex.def Info: assets/Design Thinking/MindMap.jpg  used on input line 575.
(pdftex.def)             Requested size: 412.27864pt x 555.93155pt.
LaTeX Info: Redefining \. on input line 585.
LaTeX Info: Redefining \% on input line 585.


Package fancyhdr Warning: \headheight is too small (12.0pt): 
(fancyhdr)                Make it at least 14.49998pt, for example:
(fancyhdr)                \setlength{\headheight}{14.49998pt}.
(fancyhdr)                You might also make \topmargin smaller to compensate:
(fancyhdr)                \addtolength{\topmargin}{-2.49998pt}.

[10 <./assets/Design Thinking/MindMap.jpg>]
<assets/Design Thinking/MosCow.jpg, id=725, 1045.9075pt x 962.59625pt>
File: assets/Design Thinking/MosCow.jpg Graphic file (type jpg)
<use assets/Design Thinking/MosCow.jpg>
Package pdftex.def Info: assets/Design Thinking/MosCow.jpg  used on input line 588.
(pdftex.def)             Requested size: 412.27864pt x 379.43555pt.
<assets/Design Thinking/Prototipo/Small/PrototipoOld.jpg, id=727, 810.02625pt x 785.93625pt>
File: assets/Design Thinking/Prototipo/Small/PrototipoOld.jpg Graphic file (type jpg)
<use assets/Design Thinking/Prototipo/Small/PrototipoOld.jpg>
Package pdftex.def Info: assets/Design Thinking/Prototipo/Small/PrototipoOld.jpg  used on input line 599.
(pdftex.def)             Requested size: 412.27864pt x 400.01869pt.
LaTeX Info: Redefining \. on input line 603.
LaTeX Info: Redefining \% on input line 603.


Package fancyhdr Warning: \headheight is too small (12.0pt): 
(fancyhdr)                Make it at least 14.49998pt, for example:
(fancyhdr)                \setlength{\headheight}{14.49998pt}.
(fancyhdr)                You might also make \topmargin smaller to compensate:
(fancyhdr)                \addtolength{\topmargin}{-2.49998pt}.

[11 <./assets/Design Thinking/MosCow.jpg>]
LaTeX Info: Redefining \. on input line 615.
LaTeX Info: Redefining \% on input line 615.


Package fancyhdr Warning: \headheight is too small (12.0pt): 
(fancyhdr)                Make it at least 14.49998pt, for example:
(fancyhdr)                \setlength{\headheight}{14.49998pt}.
(fancyhdr)                You might also make \topmargin smaller to compensate:
(fancyhdr)                \addtolength{\topmargin}{-2.49998pt}.

[12 <./assets/Design Thinking/Prototipo/Small/PrototipoOld.jpg>]
<assets/Lean Startup/CircuitoFeedback.png, id=743, 878.28125pt x 702.625pt>
File: assets/Lean Startup/CircuitoFeedback.png Graphic file (type png)
<use assets/Lean Startup/CircuitoFeedback.png>
Package pdftex.def Info: assets/Lean Startup/CircuitoFeedback.png  used on input line 621.
(pdftex.def)             Requested size: 263.4864pt x 210.78912pt.
LaTeX Info: Redefining \. on input line 634.
LaTeX Info: Redefining \% on input line 634.


Package fancyhdr Warning: \headheight is too small (12.0pt): 
(fancyhdr)                Make it at least 14.49998pt, for example:
(fancyhdr)                \setlength{\headheight}{14.49998pt}.
(fancyhdr)                You might also make \topmargin smaller to compensate:
(fancyhdr)                \addtolength{\topmargin}{-2.49998pt}.

[13 <./assets/Lean Startup/CircuitoFeedback.png (PNG copy)>]
Cap\'{\i }tulo 3.
[14

]
<assets/Scrum/Scrum.png, id=766, 1044.90375pt x 621.07031pt>
File: assets/Scrum/Scrum.png Graphic file (type png)
<use assets/Scrum/Scrum.png>
Package pdftex.def Info: assets/Scrum/Scrum.png  used on input line 660.
(pdftex.def)             Requested size: 412.27864pt x 245.04999pt.
LaTeX Info: Redefining \. on input line 684.
LaTeX Info: Redefining \% on input line 684.


Package fancyhdr Warning: \headheight is too small (12.0pt): 
(fancyhdr)                Make it at least 15.71667pt, for example:
(fancyhdr)                \setlength{\headheight}{15.71667pt}.
(fancyhdr)                You might also make \topmargin smaller to compensate:
(fancyhdr)                \addtolength{\topmargin}{-3.71667pt}.

[15 <./assets/Scrum/Scrum.png>]
<assets/Scrum/UserStoryMap.jpg, id=782, 1844.39063pt x 733.23938pt>
File: assets/Scrum/UserStoryMap.jpg Graphic file (type jpg)
<use assets/Scrum/UserStoryMap.jpg>
Package pdftex.def Info: assets/Scrum/UserStoryMap.jpg  used on input line 687.
(pdftex.def)             Requested size: 412.27864pt x 163.89766pt.
LaTeX Info: Redefining \. on input line 710.
LaTeX Info: Redefining \% on input line 710.


Package fancyhdr Warning: \headheight is too small (12.0pt): 
(fancyhdr)                Make it at least 14.49998pt, for example:
(fancyhdr)                \setlength{\headheight}{14.49998pt}.
(fancyhdr)                You might also make \topmargin smaller to compensate:
(fancyhdr)                \addtolength{\topmargin}{-2.49998pt}.

[16 <./assets/Scrum/UserStoryMap.jpg>]
<assets/Scrum/ScrumBoard.png, id=794, 834.86906pt x 556.32843pt>
File: assets/Scrum/ScrumBoard.png Graphic file (type png)
<use assets/Scrum/ScrumBoard.png>
Package pdftex.def Info: assets/Scrum/ScrumBoard.png  used on input line 713.
(pdftex.def)             Requested size: 392.38852pt x 261.4744pt.
LaTeX Info: Redefining \. on input line 733.
LaTeX Info: Redefining \% on input line 733.


Package fancyhdr Warning: \headheight is too small (12.0pt): 
(fancyhdr)                Make it at least 15.71667pt, for example:
(fancyhdr)                \setlength{\headheight}{15.71667pt}.
(fancyhdr)                You might also make \topmargin smaller to compensate:
(fancyhdr)                \addtolength{\topmargin}{-3.71667pt}.

[17 <./assets/Scrum/ScrumBoard.png>]
<assets/Scrum/UserStory.png, id=807, 429.10312pt x 660.96938pt>
File: assets/Scrum/UserStory.png Graphic file (type png)
<use assets/Scrum/UserStory.png>
Package pdftex.def Info: assets/Scrum/UserStory.png  used on input line 736.
(pdftex.def)             Requested size: 263.85808pt x 406.43828pt.
LaTeX Info: Redefining \. on input line 762.
LaTeX Info: Redefining \% on input line 762.


Package fancyhdr Warning: \headheight is too small (12.0pt): 
(fancyhdr)                Make it at least 14.49998pt, for example:
(fancyhdr)                \setlength{\headheight}{14.49998pt}.
(fancyhdr)                You might also make \topmargin smaller to compensate:
(fancyhdr)                \addtolength{\topmargin}{-2.49998pt}.

[18 <./assets/Scrum/UserStory.png>]
<assets/DevOps/DevOps.png, id=823, 1204.5pt x 559.08875pt>
File: assets/DevOps/DevOps.png Graphic file (type png)
<use assets/DevOps/DevOps.png>
Package pdftex.def Info: assets/DevOps/DevOps.png  used on input line 774.
(pdftex.def)             Requested size: 280.34645pt x 130.12328pt.

Underfull \vbox (badness 10000) has occurred while \output is active []

LaTeX Info: Redefining \. on input line 789.
LaTeX Info: Redefining \% on input line 789.


Package fancyhdr Warning: \headheight is too small (12.0pt): 
(fancyhdr)                Make it at least 15.71667pt, for example:
(fancyhdr)                \setlength{\headheight}{15.71667pt}.
(fancyhdr)                You might also make \topmargin smaller to compensate:
(fancyhdr)                \addtolength{\topmargin}{-3.71667pt}.

[19 <./assets/DevOps/DevOps.png>]
<assets/DevOps/Gitflow.png, id=840, 702.625pt x 387.4475pt>
File: assets/DevOps/Gitflow.png Graphic file (type png)
<use assets/DevOps/Gitflow.png>
Package pdftex.def Info: assets/DevOps/Gitflow.png  used on input line 794.
(pdftex.def)             Requested size: 407.52278pt x 224.7197pt.
LaTeX Info: Redefining \. on input line 812.
LaTeX Info: Redefining \% on input line 812.


Package fancyhdr Warning: \headheight is too small (12.0pt): 
(fancyhdr)                Make it at least 14.49998pt, for example:
(fancyhdr)                \setlength{\headheight}{14.49998pt}.
(fancyhdr)                You might also make \topmargin smaller to compensate:
(fancyhdr)                \addtolength{\topmargin}{-2.49998pt}.

[20 <./assets/DevOps/Gitflow.png (PNG copy)>]
<assets/DevOps/DPS.png, id=852, 1138.2525pt x 925.4575pt>
File: assets/DevOps/DPS.png Graphic file (type png)
<use assets/DevOps/DPS.png>
Package pdftex.def Info: assets/DevOps/DPS.png  used on input line 817.
(pdftex.def)             Requested size: 341.4784pt x 277.63939pt.
LaTeX Info: Redefining \. on input line 831.
LaTeX Info: Redefining \% on input line 831.


Package fancyhdr Warning: \headheight is too small (12.0pt): 
(fancyhdr)                Make it at least 15.71667pt, for example:
(fancyhdr)                \setlength{\headheight}{15.71667pt}.
(fancyhdr)                You might also make \topmargin smaller to compensate:
(fancyhdr)                \addtolength{\topmargin}{-3.71667pt}.

[21 <./assets/DevOps/DPS.png>]
Cap\'{\i }tulo 4.
<assets/Logos/Logos.png, id=868, 592.614pt x 190.311pt>
File: assets/Logos/Logos.png Graphic file (type png)
<use assets/Logos/Logos.png>
Package pdftex.def Info: assets/Logos/Logos.png  used on input line 843.
(pdftex.def)             Requested size: 412.27864pt x 132.40077pt.
[22

 <./assets/Logos/Logos.png>]
LaTeX Info: Redefining \. on input line 980.
LaTeX Info: Redefining \% on input line 980.


Package fancyhdr Warning: \headheight is too small (12.0pt): 
(fancyhdr)                Make it at least 14.49998pt, for example:
(fancyhdr)                \setlength{\headheight}{14.49998pt}.
(fancyhdr)                You might also make \topmargin smaller to compensate:
(fancyhdr)                \addtolength{\topmargin}{-2.49998pt}.

[23]
LaTeX Info: Redefining \. on input line 1065.
LaTeX Info: Redefining \% on input line 1065.


Package fancyhdr Warning: \headheight is too small (12.0pt): 
(fancyhdr)                Make it at least 14.49998pt, for example:
(fancyhdr)                \setlength{\headheight}{14.49998pt}.
(fancyhdr)                You might also make \topmargin smaller to compensate:
(fancyhdr)                \addtolength{\topmargin}{-2.49998pt}.

[24]
LaTeX Info: Redefining \. on input line 1135.
LaTeX Info: Redefining \% on input line 1135.


Package fancyhdr Warning: \headheight is too small (12.0pt): 
(fancyhdr)                Make it at least 14.49998pt, for example:
(fancyhdr)                \setlength{\headheight}{14.49998pt}.
(fancyhdr)                You might also make \topmargin smaller to compensate:
(fancyhdr)                \addtolength{\topmargin}{-2.49998pt}.

[25]
Underfull \vbox (badness 4582) has occurred while \output is active []

LaTeX Info: Redefining \. on input line 1192.
LaTeX Info: Redefining \% on input line 1192.


Package fancyhdr Warning: \headheight is too small (12.0pt): 
(fancyhdr)                Make it at least 14.49998pt, for example:
(fancyhdr)                \setlength{\headheight}{14.49998pt}.
(fancyhdr)                You might also make \topmargin smaller to compensate:
(fancyhdr)                \addtolength{\topmargin}{-2.49998pt}.

[26]
<assets/Detalles de Implementación/Arquitectura.jpg, id=934, 1718.42pt x 1318.9275pt>
File: assets/Detalles de Implementación/Arquitectura.jpg Graphic file (type jpg)
<use assets/Detalles de Implementación/Arquitectura.jpg>
Package pdftex.def Info: assets/Detalles de Implementación/Arquitectura.jpg  used on input line 1195.
(pdftex.def)             Requested size: 350.43935pt x 268.953pt.
LaTeX Info: Redefining \. on input line 1214.
LaTeX Info: Redefining \% on input line 1214.


Package fancyhdr Warning: \headheight is too small (12.0pt): 
(fancyhdr)                Make it at least 14.49998pt, for example:
(fancyhdr)                \setlength{\headheight}{14.49998pt}.
(fancyhdr)                You might also make \topmargin smaller to compensate:
(fancyhdr)                \addtolength{\topmargin}{-2.49998pt}.

[27 <./assets/Detalles de Implementación/Arquitectura.jpg>]
<assets/Detalles de Implementación/Estructura de Archivos/Archivos.png, id=942, 264.99pt x 271.0125pt>
File: assets/Detalles de Implementación/Estructura de Archivos/Archivos.png Graphic file (type png)
<use assets/Detalles de Implementación/Estructura de Archivos/Archivos.png>
Package pdftex.def Info: assets/Detalles de Implementación/Estructura de Archivos/Archivos.png  used on input line 1219.
(pdftex.def)             Requested size: 185.52412pt x 189.74052pt.
LaTeX Info: Redefining \. on input line 1234.
LaTeX Info: Redefining \% on input line 1234.


Package fancyhdr Warning: \headheight is too small (12.0pt): 
(fancyhdr)                Make it at least 14.49998pt, for example:
(fancyhdr)                \setlength{\headheight}{14.49998pt}.
(fancyhdr)                You might also make \topmargin smaller to compensate:
(fancyhdr)                \addtolength{\topmargin}{-2.49998pt}.

[28 <./assets/Detalles de Implementación/Estructura de Archivos/Archivos.png>]
Underfull \vbox (badness 1082) has occurred while \output is active []

LaTeX Info: Redefining \. on input line 1252.
LaTeX Info: Redefining \% on input line 1252.


Package fancyhdr Warning: \headheight is too small (12.0pt): 
(fancyhdr)                Make it at least 14.49998pt, for example:
(fancyhdr)                \setlength{\headheight}{14.49998pt}.
(fancyhdr)                You might also make \topmargin smaller to compensate:
(fancyhdr)                \addtolength{\topmargin}{-2.49998pt}.

[29]
<assets/Detalles de Implementación/Code/Types/Instrument.png, id=964, 531.48563pt x 159.59625pt>
File: assets/Detalles de Implementación/Code/Types/Instrument.png Graphic file (type png)
<use assets/Detalles de Implementación/Code/Types/Instrument.png>
Package pdftex.def Info: assets/Detalles de Implementación/Code/Types/Instrument.png  used on input line 1256.
(pdftex.def)             Requested size: 318.89383pt x 95.75847pt.
<assets/Detalles de Implementación/Code/Types/Noteplayer.png, id=968, 534.49687pt x 345.54094pt>
File: assets/Detalles de Implementación/Code/Types/Noteplayer.png Graphic file (type png)
<use assets/Detalles de Implementación/Code/Types/Noteplayer.png>
Package pdftex.def Info: assets/Detalles de Implementación/Code/Types/Noteplayer.png  used on input line 1266.
(pdftex.def)             Requested size: 320.70059pt x 207.32616pt.
LaTeX Info: Redefining \. on input line 1272.
LaTeX Info: Redefining \% on input line 1272.


Package fancyhdr Warning: \headheight is too small (12.0pt): 
(fancyhdr)                Make it at least 14.49998pt, for example:
(fancyhdr)                \setlength{\headheight}{14.49998pt}.
(fancyhdr)                You might also make \topmargin smaller to compensate:
(fancyhdr)                \addtolength{\topmargin}{-2.49998pt}.

[30 <./assets/Detalles de Implementación/Code/Types/Instrument.png> <./assets/Detalles de Implementación/Code/Types/Noteplayer.png>]
<assets/Detalles de Implementación/Code/Types/VariantExercise.png, id=977, 532.99126pt x 65.49469pt>
File: assets/Detalles de Implementación/Code/Types/VariantExercise.png Graphic file (type png)
<use assets/Detalles de Implementación/Code/Types/VariantExercise.png>
Package pdftex.def Info: assets/Detalles de Implementación/Code/Types/VariantExercise.png  used on input line 1275.
(pdftex.def)             Requested size: 319.79723pt x 39.29709pt.
<assets/Detalles de Implementación/Code/Types/Answer.png, id=980, 532.23843pt x 237.13594pt>
File: assets/Detalles de Implementación/Code/Types/Answer.png Graphic file (type png)
<use assets/Detalles de Implementación/Code/Types/Answer.png>
Package pdftex.def Info: assets/Detalles de Implementación/Code/Types/Answer.png  used on input line 1285.
(pdftex.def)             Requested size: 319.34552pt x 142.28265pt.
LaTeX Info: Redefining \. on input line 1313.
LaTeX Info: Redefining \% on input line 1313.


Package fancyhdr Warning: \headheight is too small (12.0pt): 
(fancyhdr)                Make it at least 14.49998pt, for example:
(fancyhdr)                \setlength{\headheight}{14.49998pt}.
(fancyhdr)                You might also make \topmargin smaller to compensate:
(fancyhdr)                \addtolength{\topmargin}{-2.49998pt}.

[31 <./assets/Detalles de Implementación/Code/Types/VariantExercise.png> <./assets/Detalles de Implementación/Code/Types/Answer.png>]
LaTeX Info: Redefining \. on input line 1342.
LaTeX Info: Redefining \% on input line 1342.


Package fancyhdr Warning: \headheight is too small (12.0pt): 
(fancyhdr)                Make it at least 14.49998pt, for example:
(fancyhdr)                \setlength{\headheight}{14.49998pt}.
(fancyhdr)                You might also make \topmargin smaller to compensate:
(fancyhdr) 